error: 
    status - 500 
    message - ValidationError: "name" is required 
    url - /api/v1/users 
    method - POST 
    IP - ::1
   {"timestamp":"2023-06-09T12:19:29.873Z"}
error: 
    status - 500 
    message - FirebaseError: Function addDoc() called with invalid data. Data must be an object, but it was: undefined (found in document Users/CtkoEBhzucHLxKaHp038)
    at new FirestoreError (D:\FirebaseDemoProject\node_modules\@firebase\firestore\src\util\error.ts:229:5)
    at createError (D:\FirebaseDemoProject\node_modules\@firebase\firestore\src\lite\user_data_reader.ts:1038:10)
    at ParseContextImpl.createError (D:\FirebaseDemoProject\node_modules\@firebase\firestore\src\lite\user_data_reader.ts:278:12)
    at validatePlainObject (D:\FirebaseDemoProject\node_modules\@firebase\firestore\src\lite\user_data_reader.ts:932:21)
    at parseSetData (D:\FirebaseDemoProject\node_modules\@firebase\firestore\src\lite\user_data_reader.ts:383:3)
    at addDoc (D:\FirebaseDemoProject\node_modules\@firebase\firestore\src\exp\reference_impl.ts:406:18)
    at CollectionReference.add (D:\FirebaseDemoProject\node_modules\@firebase\firestore\src\api\database.ts:1299:12)
    at _callee2$ (D:\FirebaseDemoProject\src\services\/user.service.js:12:21)
    at tryCatch (D:\FirebaseDemoProject\node_modules\@babel\runtime\helpers\regeneratorRuntime.js:44:17)
    at Generator.<anonymous> (D:\FirebaseDemoProject\node_modules\@babel\runtime\helpers\regeneratorRuntime.js:125:22)
    at Generator.next (D:\FirebaseDemoProject\node_modules\@babel\runtime\helpers\regeneratorRuntime.js:69:21)
    at asyncGeneratorStep (D:\FirebaseDemoProject\node_modules\@babel\runtime\helpers\asyncToGenerator.js:3:24)
    at _next (D:\FirebaseDemoProject\node_modules\@babel\runtime\helpers\asyncToGenerator.js:22:9)
    at D:\FirebaseDemoProject\node_modules\@babel\runtime\helpers\asyncToGenerator.js:27:7
    at new Promise (<anonymous>)
    at Object.apply (D:\FirebaseDemoProject\node_modules\@babel\runtime\helpers\asyncToGenerator.js:19:12)
    at Object.newUser (D:\FirebaseDemoProject\src\services\/user.service.js:10:21)
    at _callee3$ (D:\FirebaseDemoProject\src\controllers\/user.controller.js:93:36)
    at tryCatch (D:\FirebaseDemoProject\node_modules\@babel\runtime\helpers\regeneratorRuntime.js:44:17)
    at Generator.<anonymous> (D:\FirebaseDemoProject\node_modules\@babel\runtime\helpers\regeneratorRuntime.js:125:22)
    at Generator.next (D:\FirebaseDemoProject\node_modules\@babel\runtime\helpers\regeneratorRuntime.js:69:21)
    at asyncGeneratorStep (D:\FirebaseDemoProject\node_modules\@babel\runtime\helpers\asyncToGenerator.js:3:24)
    at _next (D:\FirebaseDemoProject\node_modules\@babel\runtime\helpers\asyncToGenerator.js:22:9)
    at D:\FirebaseDemoProject\node_modules\@babel\runtime\helpers\asyncToGenerator.js:27:7
    at new Promise (<anonymous>)
    at apply (D:\FirebaseDemoProject\node_modules\@babel\runtime\helpers\asyncToGenerator.js:19:12)
    at newUser (D:\FirebaseDemoProject\src\controllers\/user.controller.js:91:21)
    at Layer.handle [as handle_request] (D:\FirebaseDemoProject\node_modules\express\lib\router\layer.js:95:5)
    at next (D:\FirebaseDemoProject\node_modules\express\lib\router\route.js:144:13)
    at Route.dispatch (D:\FirebaseDemoProject\node_modules\express\lib\router\route.js:114:3)
    at Layer.handle [as handle_request] (D:\FirebaseDemoProject\node_modules\express\lib\router\layer.js:95:5)
    at D:\FirebaseDemoProject\node_modules\express\lib\router\index.js:284:15
    at Function.process_params (D:\FirebaseDemoProject\node_modules\express\lib\router\index.js:346:12)
    at next (D:\FirebaseDemoProject\node_modules\express\lib\router\index.js:280:10)
    at Function.handle (D:\FirebaseDemoProject\node_modules\express\lib\router\index.js:175:3)
    at router (D:\FirebaseDemoProject\node_modules\express\lib\router\index.js:47:12)
    at Layer.handle [as handle_request] (D:\FirebaseDemoProject\node_modules\express\lib\router\layer.js:95:5)
    at trim_prefix (D:\FirebaseDemoProject\node_modules\express\lib\router\index.js:328:13)
    at D:\FirebaseDemoProject\node_modules\express\lib\router\index.js:286:9
    at Function.process_params (D:\FirebaseDemoProject\node_modules\express\lib\router\index.js:346:12)
    at next (D:\FirebaseDemoProject\node_modules\express\lib\router\index.js:280:10)
    at Function.handle (D:\FirebaseDemoProject\node_modules\express\lib\router\index.js:175:3)
    at router (D:\FirebaseDemoProject\node_modules\express\lib\router\index.js:47:12)
    at Layer.handle [as handle_request] (D:\FirebaseDemoProject\node_modules\express\lib\router\layer.js:95:5)
    at trim_prefix (D:\FirebaseDemoProject\node_modules\express\lib\router\index.js:328:13)
    at D:\FirebaseDemoProject\node_modules\express\lib\router\index.js:286:9
    at Function.process_params (D:\FirebaseDemoProject\node_modules\express\lib\router\index.js:346:12)
    at next (D:\FirebaseDemoProject\node_modules\express\lib\router\index.js:280:10)
    at logger (D:\FirebaseDemoProject\node_modules\morgan\index.js:144:5)
    at Layer.handle [as handle_request] (D:\FirebaseDemoProject\node_modules\express\lib\router\layer.js:95:5) 
    url - /api/v1/users 
    method - POST 
    IP - ::1
   {"timestamp":"2023-06-09T12:20:04.146Z"}
error: 
    status - 500 
    message - ReferenceError: res is not defined
    at _callee3$ (D:\FirebaseDemoProject\src\services\/user.service.js:29:5)
    at tryCatch (D:\FirebaseDemoProject\node_modules\@babel\runtime\helpers\regeneratorRuntime.js:44:17)
    at Generator.<anonymous> (D:\FirebaseDemoProject\node_modules\@babel\runtime\helpers\regeneratorRuntime.js:125:22)
    at Generator.next (D:\FirebaseDemoProject\node_modules\@babel\runtime\helpers\regeneratorRuntime.js:69:21)
    at asyncGeneratorStep (D:\FirebaseDemoProject\node_modules\@babel\runtime\helpers\asyncToGenerator.js:3:24)
    at _next (D:\FirebaseDemoProject\node_modules\@babel\runtime\helpers\asyncToGenerator.js:22:9)
    at processTicksAndRejections (node:internal/process/task_queues:96:5) 
    url - /api/v1/users/update 
    method - PUT 
    IP - ::1
   {"timestamp":"2023-06-10T05:40:28.664Z"}
error: 
    status - 500 
    message - ReferenceError: res is not defined
    at _callee3$ (D:\FirebaseDemoProject\src\services\/user.service.js:31:5)
    at tryCatch (D:\FirebaseDemoProject\node_modules\@babel\runtime\helpers\regeneratorRuntime.js:44:17)
    at Generator.<anonymous> (D:\FirebaseDemoProject\node_modules\@babel\runtime\helpers\regeneratorRuntime.js:125:22)
    at Generator.next (D:\FirebaseDemoProject\node_modules\@babel\runtime\helpers\regeneratorRuntime.js:69:21)
    at asyncGeneratorStep (D:\FirebaseDemoProject\node_modules\@babel\runtime\helpers\asyncToGenerator.js:3:24)
    at _next (D:\FirebaseDemoProject\node_modules\@babel\runtime\helpers\asyncToGenerator.js:22:9)
    at processTicksAndRejections (node:internal/process/task_queues:96:5) 
    url - /api/v1/users/update 
    method - PUT 
    IP - ::1
   {"timestamp":"2023-06-10T05:41:33.267Z"}
error: 
    status - 500 
    message - TypeError: _database.default.collection is not a function
    at _callee2$ (D:\FirebaseDemoProject\src\services\/user.service.js:19:15)
    at tryCatch (D:\FirebaseDemoProject\node_modules\@babel\runtime\helpers\regeneratorRuntime.js:44:17)
    at Generator.<anonymous> (D:\FirebaseDemoProject\node_modules\@babel\runtime\helpers\regeneratorRuntime.js:125:22)
    at Generator.next (D:\FirebaseDemoProject\node_modules\@babel\runtime\helpers\regeneratorRuntime.js:69:21)
    at asyncGeneratorStep (D:\FirebaseDemoProject\node_modules\@babel\runtime\helpers\asyncToGenerator.js:3:24)
    at _next (D:\FirebaseDemoProject\node_modules\@babel\runtime\helpers\asyncToGenerator.js:22:9)
    at processTicksAndRejections (node:internal/process/task_queues:96:5) 
    url - /api/v1/users 
    method - POST 
    IP - ::1
   {"timestamp":"2023-06-10T05:58:01.314Z"}
error: 
    status - 500 
    message - FirebaseError: Function DocumentReference.set() called with invalid data. Data must be an object, but it was: a custom DocumentReference object (found in document Users/tanu123@gmail.com)
    at new FirestoreError (D:\FirebaseDemoProject\node_modules\@firebase\firestore\src\util\error.ts:229:5)
    at createError (D:\FirebaseDemoProject\node_modules\@firebase\firestore\src\lite\user_data_reader.ts:1038:10)
    at ParseContextImpl.createError (D:\FirebaseDemoProject\node_modules\@firebase\firestore\src\lite\user_data_reader.ts:278:12)
    at validatePlainObject (D:\FirebaseDemoProject\node_modules\@firebase\firestore\src\lite\user_data_reader.ts:932:21)
    at parseSetData (D:\FirebaseDemoProject\node_modules\@firebase\firestore\src\lite\user_data_reader.ts:383:3)
    at setDoc (D:\FirebaseDemoProject\node_modules\@firebase\firestore\src\exp\reference_impl.ts:280:18)
    at DocumentReference.set (D:\FirebaseDemoProject\node_modules\@firebase\firestore\src\api\database.ts:738:16)
    at _callee2$ (D:\FirebaseDemoProject\src\services\/user.service.js:19:31)
    at tryCatch (D:\FirebaseDemoProject\node_modules\@babel\runtime\helpers\regeneratorRuntime.js:44:17)
    at Generator.<anonymous> (D:\FirebaseDemoProject\node_modules\@babel\runtime\helpers\regeneratorRuntime.js:125:22)
    at Generator.next (D:\FirebaseDemoProject\node_modules\@babel\runtime\helpers\regeneratorRuntime.js:69:21)
    at asyncGeneratorStep (D:\FirebaseDemoProject\node_modules\@babel\runtime\helpers\asyncToGenerator.js:3:24)
    at _next (D:\FirebaseDemoProject\node_modules\@babel\runtime\helpers\asyncToGenerator.js:22:9)
    at processTicksAndRejections (node:internal/process/task_queues:96:5) 
    url - /api/v1/users 
    method - POST 
    IP - ::1
   {"timestamp":"2023-06-10T05:59:51.760Z"}
error: 
    status - 500 
    message - FirebaseError: Function DocumentReference.set() called with invalid data. Data must be an object, but it was: "tanu123@gmail.com" (found in document Users/4niGtqDojgU5uxfm73G8)
    at new FirestoreError (D:\FirebaseDemoProject\node_modules\@firebase\firestore\src\util\error.ts:229:5)
    at createError (D:\FirebaseDemoProject\node_modules\@firebase\firestore\src\lite\user_data_reader.ts:1038:10)
    at ParseContextImpl.createError (D:\FirebaseDemoProject\node_modules\@firebase\firestore\src\lite\user_data_reader.ts:278:12)
    at validatePlainObject (D:\FirebaseDemoProject\node_modules\@firebase\firestore\src\lite\user_data_reader.ts:932:21)
    at parseSetData (D:\FirebaseDemoProject\node_modules\@firebase\firestore\src\lite\user_data_reader.ts:383:3)
    at setDoc (D:\FirebaseDemoProject\node_modules\@firebase\firestore\src\exp\reference_impl.ts:280:18)
    at DocumentReference.set (D:\FirebaseDemoProject\node_modules\@firebase\firestore\src\api\database.ts:738:16)
    at _callee2$ (D:\FirebaseDemoProject\src\services\/user.service.js:19:27)
    at tryCatch (D:\FirebaseDemoProject\node_modules\@babel\runtime\helpers\regeneratorRuntime.js:44:17)
    at Generator.<anonymous> (D:\FirebaseDemoProject\node_modules\@babel\runtime\helpers\regeneratorRuntime.js:125:22)
    at Generator.next (D:\FirebaseDemoProject\node_modules\@babel\runtime\helpers\regeneratorRuntime.js:69:21)
    at asyncGeneratorStep (D:\FirebaseDemoProject\node_modules\@babel\runtime\helpers\asyncToGenerator.js:3:24)
    at _next (D:\FirebaseDemoProject\node_modules\@babel\runtime\helpers\asyncToGenerator.js:22:9)
    at processTicksAndRejections (node:internal/process/task_queues:96:5) 
    url - /api/v1/users 
    method - POST 
    IP - ::1
   {"timestamp":"2023-06-10T06:08:07.773Z"}
error: 
    status - 500 
    message - TypeError: _database.default.docs is not a function
    at _callee2$ (D:\FirebaseDemoProject\src\services\/user.service.js:19:24)
    at tryCatch (D:\FirebaseDemoProject\node_modules\@babel\runtime\helpers\regeneratorRuntime.js:44:17)
    at Generator.<anonymous> (D:\FirebaseDemoProject\node_modules\@babel\runtime\helpers\regeneratorRuntime.js:125:22)
    at Generator.next (D:\FirebaseDemoProject\node_modules\@babel\runtime\helpers\regeneratorRuntime.js:69:21)
    at asyncGeneratorStep (D:\FirebaseDemoProject\node_modules\@babel\runtime\helpers\asyncToGenerator.js:3:24)
    at _next (D:\FirebaseDemoProject\node_modules\@babel\runtime\helpers\asyncToGenerator.js:22:9)
    at D:\FirebaseDemoProject\node_modules\@babel\runtime\helpers\asyncToGenerator.js:27:7
    at new Promise (<anonymous>)
    at Object.apply (D:\FirebaseDemoProject\node_modules\@babel\runtime\helpers\asyncToGenerator.js:19:12)
    at Object.newUser (D:\FirebaseDemoProject\src\services\/user.service.js:17:21)
    at _callee3$ (D:\FirebaseDemoProject\src\controllers\/user.controller.js:51:36)
    at tryCatch (D:\FirebaseDemoProject\node_modules\@babel\runtime\helpers\regeneratorRuntime.js:44:17)
    at Generator.<anonymous> (D:\FirebaseDemoProject\node_modules\@babel\runtime\helpers\regeneratorRuntime.js:125:22)
    at Generator.next (D:\FirebaseDemoProject\node_modules\@babel\runtime\helpers\regeneratorRuntime.js:69:21)
    at asyncGeneratorStep (D:\FirebaseDemoProject\node_modules\@babel\runtime\helpers\asyncToGenerator.js:3:24)
    at _next (D:\FirebaseDemoProject\node_modules\@babel\runtime\helpers\asyncToGenerator.js:22:9)
    at D:\FirebaseDemoProject\node_modules\@babel\runtime\helpers\asyncToGenerator.js:27:7
    at new Promise (<anonymous>)
    at apply (D:\FirebaseDemoProject\node_modules\@babel\runtime\helpers\asyncToGenerator.js:19:12)
    at newUser (D:\FirebaseDemoProject\src\controllers\/user.controller.js:49:21)
    at Layer.handle [as handle_request] (D:\FirebaseDemoProject\node_modules\express\lib\router\layer.js:95:5)
    at next (D:\FirebaseDemoProject\node_modules\express\lib\router\route.js:144:13)
    at Route.dispatch (D:\FirebaseDemoProject\node_modules\express\lib\router\route.js:114:3)
    at Layer.handle [as handle_request] (D:\FirebaseDemoProject\node_modules\express\lib\router\layer.js:95:5)
    at D:\FirebaseDemoProject\node_modules\express\lib\router\index.js:284:15
    at Function.process_params (D:\FirebaseDemoProject\node_modules\express\lib\router\index.js:346:12)
    at next (D:\FirebaseDemoProject\node_modules\express\lib\router\index.js:280:10)
    at Function.handle (D:\FirebaseDemoProject\node_modules\express\lib\router\index.js:175:3)
    at router (D:\FirebaseDemoProject\node_modules\express\lib\router\index.js:47:12)
    at Layer.handle [as handle_request] (D:\FirebaseDemoProject\node_modules\express\lib\router\layer.js:95:5)
    at trim_prefix (D:\FirebaseDemoProject\node_modules\express\lib\router\index.js:328:13)
    at D:\FirebaseDemoProject\node_modules\express\lib\router\index.js:286:9
    at Function.process_params (D:\FirebaseDemoProject\node_modules\express\lib\router\index.js:346:12)
    at next (D:\FirebaseDemoProject\node_modules\express\lib\router\index.js:280:10)
    at Function.handle (D:\FirebaseDemoProject\node_modules\express\lib\router\index.js:175:3)
    at router (D:\FirebaseDemoProject\node_modules\express\lib\router\index.js:47:12)
    at Layer.handle [as handle_request] (D:\FirebaseDemoProject\node_modules\express\lib\router\layer.js:95:5)
    at trim_prefix (D:\FirebaseDemoProject\node_modules\express\lib\router\index.js:328:13)
    at D:\FirebaseDemoProject\node_modules\express\lib\router\index.js:286:9
    at Function.process_params (D:\FirebaseDemoProject\node_modules\express\lib\router\index.js:346:12)
    at next (D:\FirebaseDemoProject\node_modules\express\lib\router\index.js:280:10)
    at logger (D:\FirebaseDemoProject\node_modules\morgan\index.js:144:5)
    at Layer.handle [as handle_request] (D:\FirebaseDemoProject\node_modules\express\lib\router\layer.js:95:5)
    at trim_prefix (D:\FirebaseDemoProject\node_modules\express\lib\router\index.js:328:13)
    at D:\FirebaseDemoProject\node_modules\express\lib\router\index.js:286:9
    at Function.process_params (D:\FirebaseDemoProject\node_modules\express\lib\router\index.js:346:12)
    at next (D:\FirebaseDemoProject\node_modules\express\lib\router\index.js:280:10)
    at D:\FirebaseDemoProject\node_modules\body-parser\lib\read.js:137:5
    at AsyncResource.runInAsyncScope (node:async_hooks:199:9)
    at invokeCallback (D:\FirebaseDemoProject\node_modules\raw-body\index.js:231:16) 
    url - /api/v1/users 
    method - POST 
    IP - ::1
   {"timestamp":"2023-06-11T15:07:19.853Z"}
error: 
    status - 500 
    message - TypeError: Cannot read properties of undefined (reading 'set')
    at _callee2$ (D:\FirebaseDemoProject\src\services\/user.service.js:19:29)
    at tryCatch (D:\FirebaseDemoProject\node_modules\@babel\runtime\helpers\regeneratorRuntime.js:44:17)
    at Generator.<anonymous> (D:\FirebaseDemoProject\node_modules\@babel\runtime\helpers\regeneratorRuntime.js:125:22)
    at Generator.next (D:\FirebaseDemoProject\node_modules\@babel\runtime\helpers\regeneratorRuntime.js:69:21)
    at asyncGeneratorStep (D:\FirebaseDemoProject\node_modules\@babel\runtime\helpers\asyncToGenerator.js:3:24)
    at _next (D:\FirebaseDemoProject\node_modules\@babel\runtime\helpers\asyncToGenerator.js:22:9)
    at D:\FirebaseDemoProject\node_modules\@babel\runtime\helpers\asyncToGenerator.js:27:7
    at new Promise (<anonymous>)
    at Object.apply (D:\FirebaseDemoProject\node_modules\@babel\runtime\helpers\asyncToGenerator.js:19:12)
    at Object.newUser (D:\FirebaseDemoProject\src\services\/user.service.js:17:21)
    at _callee3$ (D:\FirebaseDemoProject\src\controllers\/user.controller.js:51:36)
    at tryCatch (D:\FirebaseDemoProject\node_modules\@babel\runtime\helpers\regeneratorRuntime.js:44:17)
    at Generator.<anonymous> (D:\FirebaseDemoProject\node_modules\@babel\runtime\helpers\regeneratorRuntime.js:125:22)
    at Generator.next (D:\FirebaseDemoProject\node_modules\@babel\runtime\helpers\regeneratorRuntime.js:69:21)
    at asyncGeneratorStep (D:\FirebaseDemoProject\node_modules\@babel\runtime\helpers\asyncToGenerator.js:3:24)
    at _next (D:\FirebaseDemoProject\node_modules\@babel\runtime\helpers\asyncToGenerator.js:22:9)
    at D:\FirebaseDemoProject\node_modules\@babel\runtime\helpers\asyncToGenerator.js:27:7
    at new Promise (<anonymous>)
    at apply (D:\FirebaseDemoProject\node_modules\@babel\runtime\helpers\asyncToGenerator.js:19:12)
    at newUser (D:\FirebaseDemoProject\src\controllers\/user.controller.js:49:21)
    at Layer.handle [as handle_request] (D:\FirebaseDemoProject\node_modules\express\lib\router\layer.js:95:5)
    at next (D:\FirebaseDemoProject\node_modules\express\lib\router\route.js:144:13)
    at Route.dispatch (D:\FirebaseDemoProject\node_modules\express\lib\router\route.js:114:3)
    at Layer.handle [as handle_request] (D:\FirebaseDemoProject\node_modules\express\lib\router\layer.js:95:5)
    at D:\FirebaseDemoProject\node_modules\express\lib\router\index.js:284:15
    at Function.process_params (D:\FirebaseDemoProject\node_modules\express\lib\router\index.js:346:12)
    at next (D:\FirebaseDemoProject\node_modules\express\lib\router\index.js:280:10)
    at Function.handle (D:\FirebaseDemoProject\node_modules\express\lib\router\index.js:175:3)
    at router (D:\FirebaseDemoProject\node_modules\express\lib\router\index.js:47:12)
    at Layer.handle [as handle_request] (D:\FirebaseDemoProject\node_modules\express\lib\router\layer.js:95:5)
    at trim_prefix (D:\FirebaseDemoProject\node_modules\express\lib\router\index.js:328:13)
    at D:\FirebaseDemoProject\node_modules\express\lib\router\index.js:286:9
    at Function.process_params (D:\FirebaseDemoProject\node_modules\express\lib\router\index.js:346:12)
    at next (D:\FirebaseDemoProject\node_modules\express\lib\router\index.js:280:10)
    at Function.handle (D:\FirebaseDemoProject\node_modules\express\lib\router\index.js:175:3)
    at router (D:\FirebaseDemoProject\node_modules\express\lib\router\index.js:47:12)
    at Layer.handle [as handle_request] (D:\FirebaseDemoProject\node_modules\express\lib\router\layer.js:95:5)
    at trim_prefix (D:\FirebaseDemoProject\node_modules\express\lib\router\index.js:328:13)
    at D:\FirebaseDemoProject\node_modules\express\lib\router\index.js:286:9
    at Function.process_params (D:\FirebaseDemoProject\node_modules\express\lib\router\index.js:346:12)
    at next (D:\FirebaseDemoProject\node_modules\express\lib\router\index.js:280:10)
    at logger (D:\FirebaseDemoProject\node_modules\morgan\index.js:144:5)
    at Layer.handle [as handle_request] (D:\FirebaseDemoProject\node_modules\express\lib\router\layer.js:95:5)
    at trim_prefix (D:\FirebaseDemoProject\node_modules\express\lib\router\index.js:328:13)
    at D:\FirebaseDemoProject\node_modules\express\lib\router\index.js:286:9
    at Function.process_params (D:\FirebaseDemoProject\node_modules\express\lib\router\index.js:346:12)
    at next (D:\FirebaseDemoProject\node_modules\express\lib\router\index.js:280:10)
    at D:\FirebaseDemoProject\node_modules\body-parser\lib\read.js:137:5
    at AsyncResource.runInAsyncScope (node:async_hooks:199:9)
    at invokeCallback (D:\FirebaseDemoProject\node_modules\raw-body\index.js:231:16) 
    url - /api/v1/users 
    method - POST 
    IP - ::1
   {"timestamp":"2023-06-11T15:07:55.190Z"}
error: 
    status - 500 
    message - ReferenceError: getData is not defined
    at _callee2$ (D:\FirebaseDemoProject\src\services\/user.service.js:20:7)
    at tryCatch (D:\FirebaseDemoProject\node_modules\@babel\runtime\helpers\regeneratorRuntime.js:44:17)
    at Generator.<anonymous> (D:\FirebaseDemoProject\node_modules\@babel\runtime\helpers\regeneratorRuntime.js:125:22)
    at Generator.next (D:\FirebaseDemoProject\node_modules\@babel\runtime\helpers\regeneratorRuntime.js:69:21)
    at asyncGeneratorStep (D:\FirebaseDemoProject\node_modules\@babel\runtime\helpers\asyncToGenerator.js:3:24)
    at _next (D:\FirebaseDemoProject\node_modules\@babel\runtime\helpers\asyncToGenerator.js:22:9)
    at processTicksAndRejections (node:internal/process/task_queues:96:5) 
    url - /api/v1/users 
    method - POST 
    IP - ::1
   {"timestamp":"2023-06-11T15:09:06.604Z"}
error: 
    status - 500 
    message - TypeError: Cannot read properties of undefined (reading 'map')
    at _callee2$ (D:\FirebaseDemoProject\src\services\/user.service.js:20:31)
    at tryCatch (D:\FirebaseDemoProject\node_modules\@babel\runtime\helpers\regeneratorRuntime.js:44:17)
    at Generator.<anonymous> (D:\FirebaseDemoProject\node_modules\@babel\runtime\helpers\regeneratorRuntime.js:125:22)
    at Generator.next (D:\FirebaseDemoProject\node_modules\@babel\runtime\helpers\regeneratorRuntime.js:69:21)
    at asyncGeneratorStep (D:\FirebaseDemoProject\node_modules\@babel\runtime\helpers\asyncToGenerator.js:3:24)
    at _next (D:\FirebaseDemoProject\node_modules\@babel\runtime\helpers\asyncToGenerator.js:22:9)
    at processTicksAndRejections (node:internal/process/task_queues:96:5) 
    url - /api/v1/users 
    method - POST 
    IP - ::1
   {"timestamp":"2023-06-11T15:09:50.823Z"}
error: 
    status - 500 
    message - TypeError: Cannot read properties of undefined (reading 'map')
    at _callee2$ (D:\FirebaseDemoProject\src\services\/user.service.js:21:31)
    at tryCatch (D:\FirebaseDemoProject\node_modules\@babel\runtime\helpers\regeneratorRuntime.js:44:17)
    at Generator.<anonymous> (D:\FirebaseDemoProject\node_modules\@babel\runtime\helpers\regeneratorRuntime.js:125:22)
    at Generator.next (D:\FirebaseDemoProject\node_modules\@babel\runtime\helpers\regeneratorRuntime.js:69:21)
    at asyncGeneratorStep (D:\FirebaseDemoProject\node_modules\@babel\runtime\helpers\asyncToGenerator.js:3:24)
    at _next (D:\FirebaseDemoProject\node_modules\@babel\runtime\helpers\asyncToGenerator.js:22:9)
    at processTicksAndRejections (node:internal/process/task_queues:96:5) 
    url - /api/v1/users 
    method - POST 
    IP - ::1
   {"timestamp":"2023-06-11T15:10:37.257Z"}
error: 
    status - 500 
    message - ReferenceError: firebase is not defined
    at _callee2$ (D:\FirebaseDemoProject\src\services\/user.service.js:24:9)
    at tryCatch (D:\FirebaseDemoProject\node_modules\@babel\runtime\helpers\regeneratorRuntime.js:44:17)
    at Generator.<anonymous> (D:\FirebaseDemoProject\node_modules\@babel\runtime\helpers\regeneratorRuntime.js:125:22)
    at Generator.next (D:\FirebaseDemoProject\node_modules\@babel\runtime\helpers\regeneratorRuntime.js:69:21)
    at asyncGeneratorStep (D:\FirebaseDemoProject\node_modules\@babel\runtime\helpers\asyncToGenerator.js:3:24)
    at _next (D:\FirebaseDemoProject\node_modules\@babel\runtime\helpers\asyncToGenerator.js:22:9)
    at D:\FirebaseDemoProject\node_modules\@babel\runtime\helpers\asyncToGenerator.js:27:7
    at new Promise (<anonymous>)
    at Object.apply (D:\FirebaseDemoProject\node_modules\@babel\runtime\helpers\asyncToGenerator.js:19:12)
    at Object.newUser (D:\FirebaseDemoProject\src\services\/user.service.js:23:21)
    at _callee3$ (D:\FirebaseDemoProject\src\controllers\/user.controller.js:51:36)
    at tryCatch (D:\FirebaseDemoProject\node_modules\@babel\runtime\helpers\regeneratorRuntime.js:44:17)
    at Generator.<anonymous> (D:\FirebaseDemoProject\node_modules\@babel\runtime\helpers\regeneratorRuntime.js:125:22)
    at Generator.next (D:\FirebaseDemoProject\node_modules\@babel\runtime\helpers\regeneratorRuntime.js:69:21)
    at asyncGeneratorStep (D:\FirebaseDemoProject\node_modules\@babel\runtime\helpers\asyncToGenerator.js:3:24)
    at _next (D:\FirebaseDemoProject\node_modules\@babel\runtime\helpers\asyncToGenerator.js:22:9)
    at D:\FirebaseDemoProject\node_modules\@babel\runtime\helpers\asyncToGenerator.js:27:7
    at new Promise (<anonymous>)
    at apply (D:\FirebaseDemoProject\node_modules\@babel\runtime\helpers\asyncToGenerator.js:19:12)
    at newUser (D:\FirebaseDemoProject\src\controllers\/user.controller.js:49:21)
    at Layer.handle [as handle_request] (D:\FirebaseDemoProject\node_modules\express\lib\router\layer.js:95:5)
    at next (D:\FirebaseDemoProject\node_modules\express\lib\router\route.js:144:13)
    at Route.dispatch (D:\FirebaseDemoProject\node_modules\express\lib\router\route.js:114:3)
    at Layer.handle [as handle_request] (D:\FirebaseDemoProject\node_modules\express\lib\router\layer.js:95:5)
    at D:\FirebaseDemoProject\node_modules\express\lib\router\index.js:284:15
    at Function.process_params (D:\FirebaseDemoProject\node_modules\express\lib\router\index.js:346:12)
    at next (D:\FirebaseDemoProject\node_modules\express\lib\router\index.js:280:10)
    at Function.handle (D:\FirebaseDemoProject\node_modules\express\lib\router\index.js:175:3)
    at router (D:\FirebaseDemoProject\node_modules\express\lib\router\index.js:47:12)
    at Layer.handle [as handle_request] (D:\FirebaseDemoProject\node_modules\express\lib\router\layer.js:95:5)
    at trim_prefix (D:\FirebaseDemoProject\node_modules\express\lib\router\index.js:328:13)
    at D:\FirebaseDemoProject\node_modules\express\lib\router\index.js:286:9
    at Function.process_params (D:\FirebaseDemoProject\node_modules\express\lib\router\index.js:346:12)
    at next (D:\FirebaseDemoProject\node_modules\express\lib\router\index.js:280:10)
    at Function.handle (D:\FirebaseDemoProject\node_modules\express\lib\router\index.js:175:3)
    at router (D:\FirebaseDemoProject\node_modules\express\lib\router\index.js:47:12)
    at Layer.handle [as handle_request] (D:\FirebaseDemoProject\node_modules\express\lib\router\layer.js:95:5)
    at trim_prefix (D:\FirebaseDemoProject\node_modules\express\lib\router\index.js:328:13)
    at D:\FirebaseDemoProject\node_modules\express\lib\router\index.js:286:9
    at Function.process_params (D:\FirebaseDemoProject\node_modules\express\lib\router\index.js:346:12)
    at next (D:\FirebaseDemoProject\node_modules\express\lib\router\index.js:280:10)
    at logger (D:\FirebaseDemoProject\node_modules\morgan\index.js:144:5)
    at Layer.handle [as handle_request] (D:\FirebaseDemoProject\node_modules\express\lib\router\layer.js:95:5)
    at trim_prefix (D:\FirebaseDemoProject\node_modules\express\lib\router\index.js:328:13)
    at D:\FirebaseDemoProject\node_modules\express\lib\router\index.js:286:9
    at Function.process_params (D:\FirebaseDemoProject\node_modules\express\lib\router\index.js:346:12)
    at next (D:\FirebaseDemoProject\node_modules\express\lib\router\index.js:280:10)
    at D:\FirebaseDemoProject\node_modules\body-parser\lib\read.js:137:5
    at AsyncResource.runInAsyncScope (node:async_hooks:199:9)
    at invokeCallback (D:\FirebaseDemoProject\node_modules\raw-body\index.js:231:16) 
    url - /api/v1/users 
    method - POST 
    IP - ::1
   {"timestamp":"2023-06-11T15:15:29.798Z"}
error: 
    status - 500 
    message - TypeError: _database.default.push is not a function
    at _callee2$ (D:\FirebaseDemoProject\src\services\/user.service.js:24:33)
    at tryCatch (D:\FirebaseDemoProject\node_modules\@babel\runtime\helpers\regeneratorRuntime.js:44:17)
    at Generator.<anonymous> (D:\FirebaseDemoProject\node_modules\@babel\runtime\helpers\regeneratorRuntime.js:125:22)
    at Generator.next (D:\FirebaseDemoProject\node_modules\@babel\runtime\helpers\regeneratorRuntime.js:69:21)
    at asyncGeneratorStep (D:\FirebaseDemoProject\node_modules\@babel\runtime\helpers\asyncToGenerator.js:3:24)
    at _next (D:\FirebaseDemoProject\node_modules\@babel\runtime\helpers\asyncToGenerator.js:22:9)
    at D:\FirebaseDemoProject\node_modules\@babel\runtime\helpers\asyncToGenerator.js:27:7
    at new Promise (<anonymous>)
    at Object.apply (D:\FirebaseDemoProject\node_modules\@babel\runtime\helpers\asyncToGenerator.js:19:12)
    at Object.newUser (D:\FirebaseDemoProject\src\services\/user.service.js:23:21)
    at _callee3$ (D:\FirebaseDemoProject\src\controllers\/user.controller.js:51:36)
    at tryCatch (D:\FirebaseDemoProject\node_modules\@babel\runtime\helpers\regeneratorRuntime.js:44:17)
    at Generator.<anonymous> (D:\FirebaseDemoProject\node_modules\@babel\runtime\helpers\regeneratorRuntime.js:125:22)
    at Generator.next (D:\FirebaseDemoProject\node_modules\@babel\runtime\helpers\regeneratorRuntime.js:69:21)
    at asyncGeneratorStep (D:\FirebaseDemoProject\node_modules\@babel\runtime\helpers\asyncToGenerator.js:3:24)
    at _next (D:\FirebaseDemoProject\node_modules\@babel\runtime\helpers\asyncToGenerator.js:22:9)
    at D:\FirebaseDemoProject\node_modules\@babel\runtime\helpers\asyncToGenerator.js:27:7
    at new Promise (<anonymous>)
    at apply (D:\FirebaseDemoProject\node_modules\@babel\runtime\helpers\asyncToGenerator.js:19:12)
    at newUser (D:\FirebaseDemoProject\src\controllers\/user.controller.js:49:21)
    at Layer.handle [as handle_request] (D:\FirebaseDemoProject\node_modules\express\lib\router\layer.js:95:5)
    at next (D:\FirebaseDemoProject\node_modules\express\lib\router\route.js:144:13)
    at Route.dispatch (D:\FirebaseDemoProject\node_modules\express\lib\router\route.js:114:3)
    at Layer.handle [as handle_request] (D:\FirebaseDemoProject\node_modules\express\lib\router\layer.js:95:5)
    at D:\FirebaseDemoProject\node_modules\express\lib\router\index.js:284:15
    at Function.process_params (D:\FirebaseDemoProject\node_modules\express\lib\router\index.js:346:12)
    at next (D:\FirebaseDemoProject\node_modules\express\lib\router\index.js:280:10)
    at Function.handle (D:\FirebaseDemoProject\node_modules\express\lib\router\index.js:175:3)
    at router (D:\FirebaseDemoProject\node_modules\express\lib\router\index.js:47:12)
    at Layer.handle [as handle_request] (D:\FirebaseDemoProject\node_modules\express\lib\router\layer.js:95:5)
    at trim_prefix (D:\FirebaseDemoProject\node_modules\express\lib\router\index.js:328:13)
    at D:\FirebaseDemoProject\node_modules\express\lib\router\index.js:286:9
    at Function.process_params (D:\FirebaseDemoProject\node_modules\express\lib\router\index.js:346:12)
    at next (D:\FirebaseDemoProject\node_modules\express\lib\router\index.js:280:10)
    at Function.handle (D:\FirebaseDemoProject\node_modules\express\lib\router\index.js:175:3)
    at router (D:\FirebaseDemoProject\node_modules\express\lib\router\index.js:47:12)
    at Layer.handle [as handle_request] (D:\FirebaseDemoProject\node_modules\express\lib\router\layer.js:95:5)
    at trim_prefix (D:\FirebaseDemoProject\node_modules\express\lib\router\index.js:328:13)
    at D:\FirebaseDemoProject\node_modules\express\lib\router\index.js:286:9
    at Function.process_params (D:\FirebaseDemoProject\node_modules\express\lib\router\index.js:346:12)
    at next (D:\FirebaseDemoProject\node_modules\express\lib\router\index.js:280:10)
    at logger (D:\FirebaseDemoProject\node_modules\morgan\index.js:144:5)
    at Layer.handle [as handle_request] (D:\FirebaseDemoProject\node_modules\express\lib\router\layer.js:95:5)
    at trim_prefix (D:\FirebaseDemoProject\node_modules\express\lib\router\index.js:328:13)
    at D:\FirebaseDemoProject\node_modules\express\lib\router\index.js:286:9
    at Function.process_params (D:\FirebaseDemoProject\node_modules\express\lib\router\index.js:346:12)
    at next (D:\FirebaseDemoProject\node_modules\express\lib\router\index.js:280:10)
    at D:\FirebaseDemoProject\node_modules\body-parser\lib\read.js:137:5
    at AsyncResource.runInAsyncScope (node:async_hooks:199:9)
    at invokeCallback (D:\FirebaseDemoProject\node_modules\raw-body\index.js:231:16) 
    url - /api/v1/users 
    method - POST 
    IP - ::1
   {"timestamp":"2023-06-11T15:16:28.646Z"}
error: 
    status - 500 
    message - TypeError: _database.default.set is not a function
    at _callee2$ (D:\FirebaseDemoProject\src\services\/user.service.js:25:32)
    at tryCatch (D:\FirebaseDemoProject\node_modules\@babel\runtime\helpers\regeneratorRuntime.js:44:17)
    at Generator.<anonymous> (D:\FirebaseDemoProject\node_modules\@babel\runtime\helpers\regeneratorRuntime.js:125:22)
    at Generator.next (D:\FirebaseDemoProject\node_modules\@babel\runtime\helpers\regeneratorRuntime.js:69:21)
    at asyncGeneratorStep (D:\FirebaseDemoProject\node_modules\@babel\runtime\helpers\asyncToGenerator.js:3:24)
    at _next (D:\FirebaseDemoProject\node_modules\@babel\runtime\helpers\asyncToGenerator.js:22:9)
    at D:\FirebaseDemoProject\node_modules\@babel\runtime\helpers\asyncToGenerator.js:27:7
    at new Promise (<anonymous>)
    at Object.apply (D:\FirebaseDemoProject\node_modules\@babel\runtime\helpers\asyncToGenerator.js:19:12)
    at Object.newUser (D:\FirebaseDemoProject\src\services\/user.service.js:23:21)
    at _callee3$ (D:\FirebaseDemoProject\src\controllers\/user.controller.js:51:36)
    at tryCatch (D:\FirebaseDemoProject\node_modules\@babel\runtime\helpers\regeneratorRuntime.js:44:17)
    at Generator.<anonymous> (D:\FirebaseDemoProject\node_modules\@babel\runtime\helpers\regeneratorRuntime.js:125:22)
    at Generator.next (D:\FirebaseDemoProject\node_modules\@babel\runtime\helpers\regeneratorRuntime.js:69:21)
    at asyncGeneratorStep (D:\FirebaseDemoProject\node_modules\@babel\runtime\helpers\asyncToGenerator.js:3:24)
    at _next (D:\FirebaseDemoProject\node_modules\@babel\runtime\helpers\asyncToGenerator.js:22:9)
    at D:\FirebaseDemoProject\node_modules\@babel\runtime\helpers\asyncToGenerator.js:27:7
    at new Promise (<anonymous>)
    at apply (D:\FirebaseDemoProject\node_modules\@babel\runtime\helpers\asyncToGenerator.js:19:12)
    at newUser (D:\FirebaseDemoProject\src\controllers\/user.controller.js:49:21)
    at Layer.handle [as handle_request] (D:\FirebaseDemoProject\node_modules\express\lib\router\layer.js:95:5)
    at next (D:\FirebaseDemoProject\node_modules\express\lib\router\route.js:144:13)
    at Route.dispatch (D:\FirebaseDemoProject\node_modules\express\lib\router\route.js:114:3)
    at Layer.handle [as handle_request] (D:\FirebaseDemoProject\node_modules\express\lib\router\layer.js:95:5)
    at D:\FirebaseDemoProject\node_modules\express\lib\router\index.js:284:15
    at Function.process_params (D:\FirebaseDemoProject\node_modules\express\lib\router\index.js:346:12)
    at next (D:\FirebaseDemoProject\node_modules\express\lib\router\index.js:280:10)
    at Function.handle (D:\FirebaseDemoProject\node_modules\express\lib\router\index.js:175:3)
    at router (D:\FirebaseDemoProject\node_modules\express\lib\router\index.js:47:12)
    at Layer.handle [as handle_request] (D:\FirebaseDemoProject\node_modules\express\lib\router\layer.js:95:5)
    at trim_prefix (D:\FirebaseDemoProject\node_modules\express\lib\router\index.js:328:13)
    at D:\FirebaseDemoProject\node_modules\express\lib\router\index.js:286:9
    at Function.process_params (D:\FirebaseDemoProject\node_modules\express\lib\router\index.js:346:12)
    at next (D:\FirebaseDemoProject\node_modules\express\lib\router\index.js:280:10)
    at Function.handle (D:\FirebaseDemoProject\node_modules\express\lib\router\index.js:175:3)
    at router (D:\FirebaseDemoProject\node_modules\express\lib\router\index.js:47:12)
    at Layer.handle [as handle_request] (D:\FirebaseDemoProject\node_modules\express\lib\router\layer.js:95:5)
    at trim_prefix (D:\FirebaseDemoProject\node_modules\express\lib\router\index.js:328:13)
    at D:\FirebaseDemoProject\node_modules\express\lib\router\index.js:286:9
    at Function.process_params (D:\FirebaseDemoProject\node_modules\express\lib\router\index.js:346:12)
    at next (D:\FirebaseDemoProject\node_modules\express\lib\router\index.js:280:10)
    at logger (D:\FirebaseDemoProject\node_modules\morgan\index.js:144:5)
    at Layer.handle [as handle_request] (D:\FirebaseDemoProject\node_modules\express\lib\router\layer.js:95:5)
    at trim_prefix (D:\FirebaseDemoProject\node_modules\express\lib\router\index.js:328:13)
    at D:\FirebaseDemoProject\node_modules\express\lib\router\index.js:286:9
    at Function.process_params (D:\FirebaseDemoProject\node_modules\express\lib\router\index.js:346:12)
    at next (D:\FirebaseDemoProject\node_modules\express\lib\router\index.js:280:10)
    at D:\FirebaseDemoProject\node_modules\body-parser\lib\read.js:137:5
    at AsyncResource.runInAsyncScope (node:async_hooks:199:9)
    at invokeCallback (D:\FirebaseDemoProject\node_modules\raw-body\index.js:231:16) 
    url - /api/v1/users 
    method - POST 
    IP - ::1
   {"timestamp":"2023-06-11T15:17:09.666Z"}
error: 
    status - 500 
    message - TypeError: _database.default.set is not a function
    at _callee2$ (D:\FirebaseDemoProject\src\services\/user.service.js:25:32)
    at tryCatch (D:\FirebaseDemoProject\node_modules\@babel\runtime\helpers\regeneratorRuntime.js:44:17)
    at Generator.<anonymous> (D:\FirebaseDemoProject\node_modules\@babel\runtime\helpers\regeneratorRuntime.js:125:22)
    at Generator.next (D:\FirebaseDemoProject\node_modules\@babel\runtime\helpers\regeneratorRuntime.js:69:21)
    at asyncGeneratorStep (D:\FirebaseDemoProject\node_modules\@babel\runtime\helpers\asyncToGenerator.js:3:24)
    at _next (D:\FirebaseDemoProject\node_modules\@babel\runtime\helpers\asyncToGenerator.js:22:9)
    at D:\FirebaseDemoProject\node_modules\@babel\runtime\helpers\asyncToGenerator.js:27:7
    at new Promise (<anonymous>)
    at Object.apply (D:\FirebaseDemoProject\node_modules\@babel\runtime\helpers\asyncToGenerator.js:19:12)
    at Object.newUser (D:\FirebaseDemoProject\src\services\/user.service.js:23:21)
    at _callee3$ (D:\FirebaseDemoProject\src\controllers\/user.controller.js:51:36)
    at tryCatch (D:\FirebaseDemoProject\node_modules\@babel\runtime\helpers\regeneratorRuntime.js:44:17)
    at Generator.<anonymous> (D:\FirebaseDemoProject\node_modules\@babel\runtime\helpers\regeneratorRuntime.js:125:22)
    at Generator.next (D:\FirebaseDemoProject\node_modules\@babel\runtime\helpers\regeneratorRuntime.js:69:21)
    at asyncGeneratorStep (D:\FirebaseDemoProject\node_modules\@babel\runtime\helpers\asyncToGenerator.js:3:24)
    at _next (D:\FirebaseDemoProject\node_modules\@babel\runtime\helpers\asyncToGenerator.js:22:9)
    at D:\FirebaseDemoProject\node_modules\@babel\runtime\helpers\asyncToGenerator.js:27:7
    at new Promise (<anonymous>)
    at apply (D:\FirebaseDemoProject\node_modules\@babel\runtime\helpers\asyncToGenerator.js:19:12)
    at newUser (D:\FirebaseDemoProject\src\controllers\/user.controller.js:49:21)
    at Layer.handle [as handle_request] (D:\FirebaseDemoProject\node_modules\express\lib\router\layer.js:95:5)
    at next (D:\FirebaseDemoProject\node_modules\express\lib\router\route.js:144:13)
    at Route.dispatch (D:\FirebaseDemoProject\node_modules\express\lib\router\route.js:114:3)
    at Layer.handle [as handle_request] (D:\FirebaseDemoProject\node_modules\express\lib\router\layer.js:95:5)
    at D:\FirebaseDemoProject\node_modules\express\lib\router\index.js:284:15
    at Function.process_params (D:\FirebaseDemoProject\node_modules\express\lib\router\index.js:346:12)
    at next (D:\FirebaseDemoProject\node_modules\express\lib\router\index.js:280:10)
    at Function.handle (D:\FirebaseDemoProject\node_modules\express\lib\router\index.js:175:3)
    at router (D:\FirebaseDemoProject\node_modules\express\lib\router\index.js:47:12)
    at Layer.handle [as handle_request] (D:\FirebaseDemoProject\node_modules\express\lib\router\layer.js:95:5)
    at trim_prefix (D:\FirebaseDemoProject\node_modules\express\lib\router\index.js:328:13)
    at D:\FirebaseDemoProject\node_modules\express\lib\router\index.js:286:9
    at Function.process_params (D:\FirebaseDemoProject\node_modules\express\lib\router\index.js:346:12)
    at next (D:\FirebaseDemoProject\node_modules\express\lib\router\index.js:280:10)
    at Function.handle (D:\FirebaseDemoProject\node_modules\express\lib\router\index.js:175:3)
    at router (D:\FirebaseDemoProject\node_modules\express\lib\router\index.js:47:12)
    at Layer.handle [as handle_request] (D:\FirebaseDemoProject\node_modules\express\lib\router\layer.js:95:5)
    at trim_prefix (D:\FirebaseDemoProject\node_modules\express\lib\router\index.js:328:13)
    at D:\FirebaseDemoProject\node_modules\express\lib\router\index.js:286:9
    at Function.process_params (D:\FirebaseDemoProject\node_modules\express\lib\router\index.js:346:12)
    at next (D:\FirebaseDemoProject\node_modules\express\lib\router\index.js:280:10)
    at logger (D:\FirebaseDemoProject\node_modules\morgan\index.js:144:5)
    at Layer.handle [as handle_request] (D:\FirebaseDemoProject\node_modules\express\lib\router\layer.js:95:5)
    at trim_prefix (D:\FirebaseDemoProject\node_modules\express\lib\router\index.js:328:13)
    at D:\FirebaseDemoProject\node_modules\express\lib\router\index.js:286:9
    at Function.process_params (D:\FirebaseDemoProject\node_modules\express\lib\router\index.js:346:12)
    at next (D:\FirebaseDemoProject\node_modules\express\lib\router\index.js:280:10)
    at D:\FirebaseDemoProject\node_modules\body-parser\lib\read.js:137:5
    at AsyncResource.runInAsyncScope (node:async_hooks:199:9)
    at invokeCallback (D:\FirebaseDemoProject\node_modules\raw-body\index.js:231:16) 
    url - /api/v1/users 
    method - POST 
    IP - ::1
   {"timestamp":"2023-06-11T15:17:19.860Z"}
